<?xml version="1.0" encoding="UTF-8"?>
<testng-results skipped="0" failed="0" total="1" passed="1">
  <reporter-output>
  </reporter-output>
  <suite name="Suite" duration-ms="23570" started-at="2023-01-27T13:05:13Z" finished-at="2023-01-27T13:05:36Z">
    <groups>
    </groups>
    <test name="Test" duration-ms="23570" started-at="2023-01-27T13:05:13Z" finished-at="2023-01-27T13:05:36Z">
      <class name="testScripts.LetsShop">
        <test-method status="PASS" signature="setup()[pri:0, instance:testScripts.LetsShop@3ad83a66]" name="setup" is-config="true" duration-ms="135036" started-at="2023-01-27T18:32:58Z" finished-at="2023-01-27T18:35:13Z">
          <reporter-output>
          </reporter-output>
        </test-method> <!-- setup -->
        <test-method status="PASS" signature="mainTest()[pri:0, instance:testScripts.LetsShop@3ad83a66]" name="mainTest" duration-ms="23347" started-at="2023-01-27T18:35:13Z" finished-at="2023-01-27T18:35:36Z">
          <reporter-output>
          </reporter-output>
        </test-method> <!-- mainTest -->
        <test-method status="PASS" signature="resudes()[pri:0, instance:testScripts.LetsShop@3ad83a66]" name="resudes" is-config="true" duration-ms="4337" started-at="2023-01-27T18:35:37Z" finished-at="2023-01-27T18:35:41Z">
          <reporter-output>
          </reporter-output>
        </test-method> <!-- resudes -->
      </class> <!-- testScripts.LetsShop -->
    </test> <!-- Test -->
  </suite> <!-- Suite -->
</testng-results>
